<?xml version="1.0" encoding="UTF-8"?>
<testsuite name="kata.supermarket.ProductTest" tests="1" skipped="0" failures="0" errors="0" timestamp="2022-07-31T11:11:26" hostname="JIEUNs-MBP" time="0.001">
  <properties/>
  <testcase name="singleItemHasExpectedUnitPriceFromProduct()" classname="kata.supermarket.ProductTest" time="0.001"/>
  <system-out><![CDATA[]]></system-out>
  <system-err><![CDATA[]]></system-err>
</testsuite>
