<?xml version="1.0" encoding="UTF-8"?>
<testsuite name="kata.supermarket.BasketTest" tests="5" skipped="0" failures="0" errors="0" timestamp="2022-07-31T11:11:26" hostname="JIEUNs-MBP" time="0.093">
  <properties/>
  <testcase name="no items" classname="kata.supermarket.BasketTest" time="0.047"/>
  <testcase name="a single item priced per unit" classname="kata.supermarket.BasketTest" time="0.002"/>
  <testcase name="multiple items priced per unit" classname="kata.supermarket.BasketTest" time="0.002"/>
  <testcase name="a single weighed item" classname="kata.supermarket.BasketTest" time="0.002"/>
  <testcase name="multiple weighed items" classname="kata.supermarket.BasketTest" time="0.002"/>
  <system-out><![CDATA[]]></system-out>
  <system-err><![CDATA[]]></system-err>
</testsuite>
